Redirecting Stdout/Stderr to /storage/emulated/0/Android/data/org.xbmc.kodi/files/.kodi/userdata/addon_data/plugin.video.elementum/elementum.log
INFO  main         ▶ main             [0mStarting Elementum daemon in shared library mode
INFO  main         ▶ main             [0mVersion: 0.1.103 LibTorrent: 1.1.14.0 Go: go1.21.1, Threads: 4
[36mDEBU  xbmc         ▶ Init             [0mCould not connect to the host ::1: dial tcp [::1]:9090: connect: connection refused
[36mDEBU  xbmc         ▶ Init             [0mAdding local host 127.0.0.1
INFO  config       ▶ Reload           [0mReloading configuration...
INFO  config       ▶ Reload           [0mSetting custom profile path to: /storage/emulated/0/Android/data/org.xbmc.kodi/files/.kodi/userdata/addon_data/plugin.video.elementum/
[32mNOTI  config       ▶ Reload           [0mPaths translated by Kodi: Download: . , Library: /storage/emulated/0/Android/data/org.xbmc.kodi/files/.kodi/temp/elementum_library , Torrents: /storage/emulated/0/Android/data/org.xbmc.kodi/files/.kodi/temp/elementum_torrents , Profile: /storage/emulated/0/Android/data/org.xbmc.kodi/files/.kodi/userdata/addon_data/plugin.video.elementum/ , Default Storage: Memory
INFO  config       ▶ Reload           [0mUsing download path: .
INFO  config       ▶ Reload           [0mUsing library path: /storage/emulated/0/Android/data/org.xbmc.kodi/files/.kodi/temp/elementum_library
INFO  config       ▶ Reload           [0mUsing torrents path: /storage/emulated/0/Android/data/org.xbmc.kodi/files/.kodi/temp/elementum_torrents
INFO  config       ▶ Reload           [0mUsing configuration: &config.Configuration{
  DownloadPath: ".",
  TorrentsPath: "/storage/emulated/0/Android/data/org.xbmc.kodi/files/.kodi/temp/elementum_torrents",
  LibraryPath: "/storage/emulated/0/Android/data/org.xbmc.kodi/files/.kodi/temp/elementum_library",
  Info: &xbmc.AddonInfo{
    Author: "elgatito",
    Changelog: "",
    Description: "",
    Disclaimer: "",
    Fanart: "/storage/emulated/0/Android/data/org.xbmc.kodi/files/.kodi/addons/plugin.video.elementum/fanart.jpg",
    Home: "/storage/emulated/0/Android/data/org.xbmc.kodi/files/.kodi/",
    Icon: "/storage/emulated/0/Android/data/org.xbmc.kodi/files/.kodi/addons/plugin.video.elementum/icon.png",
    ID: "plugin.video.elementum",
    Name: "Elementum",
    Path: "/storage/emulated/0/Android/data/org.xbmc.kodi/files/.kodi/addons/plugin.video.elementum/",
    Profile: "/storage/emulated/0/Android/data/org.xbmc.kodi/files/.kodi/userdata/addon_data/plugin.video.elementum/",
    TempPath: "/storage/emulated/0/Android/data/org.xbmc.kodi/files/.kodi/temp/elementum",
    Stars: "-1",
    Summary: "",
    Type: "xbmc.python.pluginsource",
    Version: "0.1.101",
    Xbmc: "/data/user/0/org.xbmc.kodi/cache/apk/assets/",
  },
  Platform: &xbmc.Platform{
    OS: "android",
    Arch: "arm",
    Version: "",
    Kodi: 21,
    Build: "21.0 (21.0.0) Git:20240406-60c4500054",
  },
  Language: "he",
  SecondLanguage: "en",
  Region: "HE",
  TemporaryPath: "/storage/emulated/0/Android/data/org.xbmc.kodi/files/.kodi/temp/elementum",
  ProfilePath: "/storage/emulated/0/Android/data/org.xbmc.kodi/files/.kodi/userdata/addon_data/plugin.video.elementum/",
  HomePath: "/storage/emulated/0/Android/data/org.xbmc.kodi/files/.kodi/",
  XbmcPath: "/data/user/0/org.xbmc.kodi/cache/apk/assets/",
  SpoofUserAgent: 0,
  DownloadFileStrategy: 0,
  KeepDownloading: 1,
  KeepFilesPlaying: 1,
  KeepFilesFinished: 1,
  UseTorrentHistory: true,
  TorrentHistorySize: 50,
  UseFanartTv: false,
  DisableBgProgress: false,
  DisableBgProgressPlayback: true,
  ForceUseTrakt: false,
  UseCacheSelection: true,
  UseCacheSearch: false,
  UseCacheTorrents: true,
  CacheSearchDuration: 180,
  ShowFilesWatched: true,
  ResultsPerPage: 9,
  GreetingEnabled: true,
  EnableOverlayStatus: true,
  SilentStreamStart: false,
  AutoYesEnabled: true,
  AutoYesTimeout: 5,
  ChooseStreamAutoMovie: false,
  ChooseStreamAutoShow: false,
  ChooseStreamAutoSearch: false,
  ForceLinkType: false,
  AddSpecials: false,
  AddEpisodeNumbers: false,
  ShowUnairedSeasons: false,
  ShowUnairedEpisodes: false,
  ShowEpisodesOnReleaseDay: false,
  ShowUnwatchedEpisodesNumber: true,
  ShowSeasonsAll: true,
  ShowSeasonsOrder: 0,
  ShowSeasonsSpecials: true,
  SmartEpisodeStart: true,
  SmartEpisodeMatch: true,
  SmartEpisodeChoose: true,
  LibraryEnabled: true,
  LibrarySyncEnabled: true,
  LibrarySyncPlaybackEnabled: true,
  LibraryUpdate: 0,
  StrmLanguage: "he",
  LibraryNFOMovies: true,
  LibraryNFOShows: true,
  PlaybackPercent: 85,
  DownloadStorage: 1,
  SkipBurstSearch: false,
  SkipRepositorySearch: false,
  AutoMemorySize: true,
  AutoKodiBufferSize: true,
  AutoAdjustMemorySize: true,
  AutoMemorySizeStrategy: 1,
  MemorySize: 419430400,
  AutoAdjustBufferSize: false,
  MinCandidateSize: 104857600,
  MinCandidateShowSize: 4194304,
  BufferTimeout: 60,
  BufferSize: 20971520,
  EndBufferSize: 4194304,
  KodiBufferSize: 0,
  UploadRateLimit: 0,
  DownloadRateLimit: 0,
  AutoloadTorrents: true,
  AutoloadTorrentsPaused: true,
  LimitAfterBuffering: false,
  ConnectionsLimit: 0,
  ConnTrackerLimit: 0,
  ConnTrackerLimitAuto: true,
  SessionSave: 15,
  SeedForever: false,
  ShareRatioLimit: 200,
  SeedTimeRatioLimit: 700,
  SeedTimeLimit: 86400,
  DisableUpload: false,
  DisableLSD: false,
  DisableDHT: false,
  DisableTCP: false,
  DisableUTP: false,
  DisableUPNP: false,
  EncryptionPolicy: 0,
  ListenPortMin: 6891,
  ListenPortMax: 6899,
  ListenInterfaces: "",
  ListenAutoDetectIP: true,
  ListenAutoDetectPort: true,
  OutgoingInterfaces: "",
  TunedStorage: true,
  DiskCacheSize: 12582912,
  UseLibtorrentConfig: true,
  UseLibtorrentLogging: false,
  UseLibtorrentDeadlines: false,
  UseLibtorrentPauseResume: false,
  LibtorrentProfile: 0,
  MagnetResolveTimeout: 60,
  AddExtraTrackers: 1,
  RemoveOriginalTrackers: false,
  ModifyTrackersStrategy: 0,
  Scrobble: false,
  TraktAuthorized: false,
  TraktUsername: "",
  TraktToken: "",
  TraktRefreshToken: "",
  TraktTokenExpiry: 0,
  TraktSyncEnabled: true,
  TraktSyncPlaybackEnabled: true,
  TraktSyncFrequencyMin: 5,
  TraktSyncCollections: true,
  TraktSyncWatchlist: true,
  TraktSyncUserlists: true,
  TraktSyncPlaybackProgress: true,
  TraktSyncHidden: true,
  TraktSyncWatched: true,
  TraktSyncWatchedBack: true,
  TraktSyncAddedMovies: true,
  TraktSyncAddedMoviesLocation: 0,
  TraktSyncAddedMoviesList: 0,
  TraktSyncAddedShows: true,
  TraktSyncAddedShowsLocation: 0,
  TraktSyncAddedShowsList: 0,
  TraktSyncRemovedMovies: true,
  TraktSyncRemovedMoviesBack: true,
  TraktSyncRemovedMoviesLocation: 0,
  TraktSyncRemovedMoviesList: 0,
  TraktSyncRemovedShows: true,
  TraktSyncRemovedShowsBack: true,
  TraktSyncRemovedShowsLocation: 0,
  TraktSyncRemovedShowsList: 0,
  TraktProgressHideUnaired: true,
  TraktProgressSort: 0,
  TraktProgressDateFormat: "yyyy-mm-dd",
  TraktProgressColorDate: "yellow",
  TraktProgressColorShow: "none",
  TraktProgressColorEpisode: "skyblue",
  TraktProgressColorUnaired: "deeppink",
  TraktCalendarsHideWatched: false,
  TraktCalendarsDateFormat: "yyyy-mm-dd",
  TraktCalendarsColorDate: "yellow",
  TraktCalendarsColorShow: "none",
  TraktCalendarsColorEpisode: "skyblue",
  TraktCalendarsColorUnaired: "deeppink",
  TraktUseLowestReleaseDate: true,
  UpdateFrequency: 6,
  UpdateDelay: 300,
  UpdateAutoScan: true,
  PlayResumeAction: 1,
  PlayResumeBack: 0,
  TMDBApiKey: "",
  TMDBShowUseProdCompanyAsStudio: false,
  TMDBImagesQuality: 1,
  OSDBToken: "",
  OSDBTokenExpiry: 0,
  OSDBUser: "",
  OSDBPass: "",
  OSDBLanguage: "he",
  OSDBAutoLanguage: true,
  OSDBAutoLoad: false,
  OSDBAutoLoadCount: 1,
  OSDBAutoLoadDelete: true,
  OSDBAutoLoadSkipExists: true,
  OSDBIncludedEnabled: true,
  OSDBIncludedSkipExists: true,
  SortingModeMovies: 2,
  SortingModeShows: 2,
  ResolutionPreferenceMovies: 0,
  ResolutionPreferenceShows: 0,
  PercentageAdditionalSeeders: 25,
  CustomProviderTimeoutEnabled: false,
  CustomProviderTimeout: 30,
  ProviderUseLowestReleaseDate: true,
  InternalDNSEnabled: false,
  InternalDNSSkipIPv6: true,
  InternalDNSOrder: 0,
  InternalDNSOpenNic: []string{
    "163.172.168.171",
    "152.70.189.130",
    "167.86.112.174",
  },
  InternalProxyEnabled: false,
  InternalProxyLogging: false,
  InternalProxyLoggingBody: false,
  ProxyURL: "",
  ProxyType: 1,
  ProxyEnabled: false,
  ProxyHost: "",
  ProxyPort: 1080,
  ProxyLogin: "",
  ProxyPassword: "",
  ProxyUseHTTP: true,
  ProxyUseTracker: true,
  ProxyUseDownload: true,
  CompletedMove: false,
  CompletedMoviesPath: "",
  CompletedShowsPath: "",
  LocalOnlyClient: false,
  LogLevel: 2,
}
INFO  main         ▶ main             [0mAddon: plugin.video.elementum v0.1.101
INFO  bittorrent   ▶ configure        [0mConfiguring client...
INFO  bittorrent   ▶ configure        [0mApplying session settings...
INFO  bittorrent   ▶ configure        [0mUserAgent: Elementum/0.1.103, PeerID: -GT0001-
INFO  bittorrent   ▶ configure        [0mApplying encryption settings...
INFO  bittorrent   ▶ configure        [0mDownloadStorage: Memory
INFO  bittorrent   ▶ configure        [0mListening on: 0.0.0.0:6898,0.0.0.0:6892
INFO  bittorrent   ▶ func1            [0mService started in 2.263229ms
INFO  bittorrent   ▶ startServices    [0mStarting LSD...
INFO  bittorrent   ▶ startServices    [0mStarting DHT...
INFO  bittorrent   ▶ onAlertsConsumer  [0mConsuming alerts...
INFO  bittorrent   ▶ startServices    [0mStarting UPNP...
INFO  bittorrent   ▶ startServices    [0mStarting NATPMP...
INFO  tmdb         ▶ CheckAPIKey      [0mChecking TMDB API key...
[32mNOTI  bittorrent   ▶ logAlerts        [0mlisten_succeeded_alert: successfully listening on [TCP] [::]:6898
[32mNOTI  bittorrent   ▶ logAlerts        [0mlisten_succeeded_alert: successfully listening on [TCP] 0.0.0.0:6898
[32mNOTI  bittorrent   ▶ logAlerts        [0mlisten_succeeded_alert: successfully listening on [TCP] [::]:6892
[32mNOTI  bittorrent   ▶ logAlerts        [0mlisten_succeeded_alert: successfully listening on [TCP] 0.0.0.0:6892
[32mNOTI  bittorrent   ▶ logAlerts        [0mlisten_succeeded_alert: successfully listening on [UDP] 0.0.0.0:6892
INFO  bittorrent   ▶ startServices    [0mAdding port mapping 6892: 2
INFO  bittorrent   ▶ startServices    [0mAdding port mapping 6898: 3
INFO  main         ▶ main             [0mPrepared in 135.965729ms
INFO  main         ▶ main             [0mStarting HTTP server at :65220
INFO  database     ▶ CreateBackup     [0mSkipping backup due to newer modification date of /storage/emulated/0/Android/data/org.xbmc.kodi/files/.kodi/userdata/addon_data/plugin.video.elementum/cache-backup.db
INFO  database     ▶ CreateBackup     [0mSkipping backup due to newer modification date of /storage/emulated/0/Android/data/org.xbmc.kodi/files/.kodi/userdata/addon_data/plugin.video.elementum/storm-backup.db
INFO  bittorrent   ▶ loadTorrentFiles  [0mLoading torrents from: /storage/emulated/0/Android/data/org.xbmc.kodi/files/.kodi/temp/elementum_torrents
INFO  bittorrent   ▶ cleanStaleFiles  [0mCleaning up stale .parts files at . ...
INFO  bittorrent   ▶ cleanStaleFiles  [0mCleaning up stale .fastresume files at /storage/emulated/0/Android/data/org.xbmc.kodi/files/.kodi/temp/elementum_torrents ...
[32mNOTI  tmdb         ▶ CheckAPIKey      [0mTMDB API key check passed, using key 29a551a ...
INFO  main         ▶ func8            [0mUpdating Kodi add-on repositories... 
[32mNOTI  bittorrent   ▶ logAlerts        [0mexternal_ip_alert: external IP received 2.XX.XX.XX
